fail
fail
fail
fail
fail
fail
fail
fail
fail
fail
fail
fail
fail
4070620
4069460
4069652
4069460
4069588
4086344
4084284
4084100
4084188
4084036
4065680
4067780
4065500
2018-03-09 20:49:12.485043:4070612
2018-03-09 20:49:13.499261:4069428
2018-03-09 20:49:14.504587:4069884
2018-03-09 20:49:15.511955:4069940
2018-03-09 20:49:16.520634:4071184
2018-03-09 20:49:17.528210:4070428
2018-03-09 20:49:18.535404:4071400
2018-03-09 20:49:19.545351:4073920
2018-03-09 20:49:20.552290:4072548
2018-03-09 20:49:21.563877:4072504
2018-03-09 20:49:22.574687:4072816
2018-03-09 20:49:23.585730:4072324
2018-03-09 20:49:24.597353:4072756
2018-03-09 20:49:25.610722:4072756
2018-03-09 20:49:26.626261:4074276
2018-03-09 20:49:27.637201:4073452
2018-03-09 20:49:28.649131:4073300
2018-03-09 20:49:29.661268:4073364
2018-03-09 20:49:30.674965:4075972
2018-03-09 20:49:31.682468:4074988
2018-03-09 20:49:32.694106:4075292
2018-03-09 20:49:33.710736:4075008
2018-03-09 20:49:34.719238:4077084
2018-03-09 20:49:35.731479:4075708
2018-03-09 20:49:36.741926:4075500
2018-03-09 20:49:37.756041:4075740
2018-03-09 20:49:38.768153:4075664
2018-03-09 20:49:39.780967:4075780
2018-03-09 20:49:40.791513:4075836
2018-03-09 20:49:41.803239:4077156
2018-03-09 20:49:42.815047:4075644
2018-03-09 20:49:43.826178:4075824
2018-03-09 20:49:44.832523:4058540
2018-03-09 20:49:45.842067:4058204
2018-03-09 20:49:46.857875:4057984
2018-03-09 20:49:47.866563:4058148
2018-03-09 22:40:11.499458:3146664
2018-03-09 22:40:12.506911:3146620
2018-03-09 22:40:13.517745:3143396
2018-03-09 22:40:14.528568:3180264
2018-03-09 22:40:15.540819:3145740
2018-03-09 22:40:16.553863:3144052
2018-03-09 22:40:17.559930:3144388
2018-03-09 22:40:18.566272:3174912
2018-03-09 22:40:19.573544:3177688
2018-03-09 22:40:20.587327:3142064
2018-03-09 22:43:14.620024:3178424
2018-03-09 22:43:15.631187:3142272
2018-03-09 22:43:16.638827:3142464
2018-03-09 22:43:17.648898:3142712
2018-03-09 22:43:18.656176:3175680
2018-03-09 22:43:19.666538:3179400
2018-03-09 22:43:20.674164:3143424
2018-03-09 22:43:21.684252:3143672
2018-03-09 22:43:22.693879:3143672
2018-03-09 22:43:23.703269:3178080
2018-03-09 22:43:24.712096:3179880
2018-03-09 22:43:25.718633:3144400
2018-03-09 22:43:26.724844:3144896
2018-03-09 22:43:27.730637:3145144
2018-03-09 22:47:18.981484:3138
2018-03-09 22:47:19.992784:3138
2018-03-09 22:47:20.999726:3103
2018-03-09 22:47:22.009755:3103
2018-03-09 22:47:23.023520:3103
2018-03-09 22:47:24.030716:3138
2018-03-09 22:47:25.041271:3140
2018-03-09 22:47:26.053790:3105
2018-03-09 22:55:58.582605:3152MB
2018-03-09 22:55:59.595346:3200MB
2018-03-09 22:56:00.610238:3153MB
2018-03-09 22:56:01.622773:3153MB
2018-03-09 22:56:02.635025:3173MB
2018-03-09 22:56:03.643544:3173MB
2018-03-09 22:56:04.656837:3215MB
2018-03-09 22:56:05.668339:3167MB
2018-03-09 22:56:06.679585:3166MB
2018-03-09 22:56:07.692574:3166MB
2018-03-09 22:56:08.699398:3160MB
2018-03-09 22:56:09.708940:3196MB
2018-03-09 22:56:10.722597:3146MB
2018-03-09 22:56:11.735094:3163MB
2018-03-09 22:56:12.745540:3164MB
2018-03-09 22:56:13.753499:3198MB
2018-03-09 22:56:14.765213:3196MB
2018-03-09 22:56:15.776671:3161MB
2018-03-09 22:56:16.786599:3161MB
2018-03-09 22:56:17.798607:3161MB
2018-03-09 22:56:18.810005:3193MB
2018-03-09 22:56:19.820205:3196MB
2018-03-09 22:56:20.830091:3161MB
2018-03-09 22:56:21.838045:3159MB
2018-03-09 22:56:22.850845:3144MB
2018-03-09 22:56:23.860950:3209MB
2018-03-09 22:56:24.871960:3216MB
2018-03-09 22:56:25.883962:3167MB
2018-03-09 22:56:26.894627:3167MB
2018-03-09 22:56:27.904431:3167MB
2018-03-09 22:56:28.912631:3191MB
2018-03-09 22:56:29.922996:3192MB
2018-03-09 22:56:30.934118:3142MB
2018-03-09 22:56:31.943559:3142MB
2018-03-09 22:56:32.952391:3142MB
2018-03-09 22:56:33.958638:3177MB
2018-03-09 22:57:17.169339:3145MB
2018-03-09 22:57:18.183404:3145MB
2018-03-09 22:57:19.191633:3194MB
2018-03-09 22:57:20.201544:3169MB
2018-03-09 22:57:21.213650:3146MB
2018-03-09 22:57:22.227935:3146MB
2018-03-09 22:57:23.237773:3146MB
2018-03-09 22:57:24.248834:3181MB
2018-03-09 22:57:25.262889:3147MB
2018-03-09 22:57:26.276108:3147MB
2018-03-09 22:57:27.283587:3147MB
2018-03-09 22:57:28.293643:3145MB
2018-03-09 22:57:29.304241:3194MB
2018-03-09 23:03:21.961873:3172MB
2018-03-09 23:03:21.966346:3172MB
2018-03-09 23:03:21.970461:3172MB
2018-03-09 23:03:21.974855:3172MB
2018-03-09 23:03:21.979096:3172MB
2018-03-09 23:03:21.983487:3172MB
2018-03-09 23:03:21.987605:3172MB
2018-03-09 23:03:21.993063:3172MB
2018-03-09 23:03:21.998476:3172MB
2018-03-09 23:03:22.003606:3172MB
2018-03-09 23:03:22.008311:3172MB
2018-03-09 23:03:22.012858:3172MB
2018-03-09 23:03:22.017120:3172MB
2018-03-09 23:03:22.021623:3172MB
2018-03-09 23:03:22.027041:3172MB
2018-03-09 23:03:22.031757:3172MB
2018-03-09 23:03:22.036470:3172MB
2018-03-09 23:03:22.040857:3172MB
2018-03-09 23:03:22.045403:3172MB
2018-03-09 23:03:22.049855:3172MB
2018-03-09 23:03:22.054107:3172MB
2018-03-09 23:03:22.059878:3172MB
2018-03-09 23:03:22.064366:3172MB
2018-03-09 23:03:22.068551:3172MB
2018-03-09 23:03:22.073833:3172MB
2018-03-09 23:03:22.078803:3172MB
2018-03-09 23:03:22.083341:3172MB
2018-03-09 23:03:22.087732:3172MB
2018-03-09 23:03:22.093374:3172MB
2018-03-09 23:03:22.098597:3172MB
2018-03-09 23:03:22.103075:3172MB
2018-03-09 23:03:22.107905:3172MB
2018-03-09 23:03:22.113058:3172MB
2018-03-09 23:03:22.117463:3172MB
2018-03-09 23:03:22.121970:3172MB
2018-03-09 23:03:22.126983:3172MB
2018-03-09 23:03:22.131973:3172MB
2018-03-09 23:03:22.136714:3172MB
2018-03-09 23:03:22.141688:3172MB
2018-03-09 23:03:22.147587:3172MB
2018-03-09 23:03:22.151996:3172MB
2018-03-09 23:03:22.155952:3172MB
2018-03-09 23:03:22.161522:3172MB
2018-03-09 23:03:22.168786:3172MB
2018-03-09 23:03:22.176381:3172MB
2018-03-09 23:03:22.181081:3172MB
2018-03-09 23:03:22.186401:3172MB
2018-03-09 23:03:22.190798:3172MB
2018-03-09 23:03:22.196096:3172MB
2018-03-09 23:03:22.200840:3172MB
2018-03-09 23:03:22.206045:3172MB
2018-03-09 23:03:22.210624:3172MB
2018-03-09 23:03:22.215372:3172MB
2018-03-09 23:03:22.219519:3172MB
2018-03-09 23:03:22.223568:3172MB
2018-03-09 23:03:22.228155:3172MB
2018-03-09 23:03:22.233497:3172MB
2018-03-09 23:03:22.237967:3172MB
2018-03-09 23:03:22.242140:3172MB
2018-03-09 23:03:22.246117:3172MB
2018-03-09 23:03:22.250688:3172MB
2018-03-09 23:03:22.255112:3172MB
2018-03-09 23:03:22.259336:3172MB
2018-03-09 23:03:22.265308:3172MB
2018-03-09 23:03:22.269873:3172MB
2018-03-09 23:03:22.273872:3172MB
2018-03-09 23:03:22.277984:3172MB
2018-03-09 23:03:22.282866:3172MB
2018-03-09 23:03:22.287755:3173MB
2018-03-09 23:03:22.292388:3173MB
2018-03-09 23:03:22.297991:3173MB
2018-03-09 23:03:22.302556:3173MB
2018-03-09 23:03:22.307263:3173MB
2018-03-09 23:03:22.311526:3173MB
2018-03-09 23:03:22.315877:3173MB
2018-03-09 23:03:22.320178:3172MB
2018-03-09 23:03:22.324471:3172MB
2018-03-09 23:03:22.328841:3172MB
2018-03-09 23:03:22.333741:3172MB
2018-03-09 23:03:22.337982:3172MB
2018-03-09 23:03:22.342016:3172MB
2018-03-09 23:03:22.346835:3172MB
2018-03-09 23:03:22.350918:3172MB
2018-03-09 23:03:22.354988:3172MB
2018-03-09 23:03:22.359529:3172MB
2018-03-09 23:03:22.366877:3172MB
2018-03-09 23:03:22.371719:3172MB
2018-03-09 23:03:22.377472:3172MB
2018-03-09 23:03:22.383839:3172MB
2018-03-09 23:03:22.388152:3172MB
2018-03-09 23:03:22.392139:3172MB
2018-03-09 23:03:22.396606:3172MB
2018-03-09 23:03:22.402176:3172MB
2018-03-09 23:03:22.406648:3172MB
2018-03-09 23:03:22.410885:3172MB
2018-03-09 23:03:22.414886:3172MB
2018-03-09 23:03:22.419071:3172MB
2018-03-09 23:03:22.423298:3172MB
2018-03-09 23:03:22.427573:3172MB
2018-03-09 23:03:22.432743:3172MB
2018-03-09 23:03:22.438221:3172MB
2018-03-09 23:03:22.442826:3172MB
2018-03-09 23:03:22.447098:3172MB
2018-03-09 23:03:22.451249:3172MB
2018-03-09 23:03:22.457096:3172MB
2018-03-09 23:03:22.462543:3172MB
2018-03-09 23:03:22.468021:3172MB
2018-03-09 23:03:22.472549:3172MB
2018-03-09 23:03:22.477190:3172MB
2018-03-09 23:03:22.482002:3172MB
2018-03-09 23:03:22.487040:3172MB
2018-03-09 23:03:22.493622:3172MB
2018-03-09 23:03:22.497826:3172MB
2018-03-09 23:03:22.503619:3172MB
2018-03-09 23:03:22.508558:3172MB
2018-03-09 23:03:22.513587:3172MB
2018-03-09 23:03:22.518489:3172MB
2018-03-09 23:03:22.523360:3172MB
2018-03-09 23:03:22.527869:3172MB
2018-03-09 23:03:22.531892:3172MB
2018-03-09 23:03:22.537996:3172MB
2018-03-09 23:03:22.542902:3172MB
2018-03-09 23:03:22.547401:3172MB
2018-03-09 23:03:22.551533:3172MB
2018-03-09 23:03:22.556051:3173MB
2018-03-09 23:03:22.560341:3173MB
2018-03-09 23:03:22.564451:3173MB
2018-03-09 23:03:22.570069:3173MB
2018-03-09 23:03:22.575786:3173MB
2018-03-09 23:03:22.580015:3173MB
2018-03-09 23:03:22.584110:3173MB
2018-03-09 23:03:22.588142:3173MB
2018-03-09 23:03:22.594447:3173MB
2018-03-09 23:03:22.599264:3173MB
2018-03-09 23:03:22.603986:3173MB
2018-03-09 23:03:22.608588:3173MB
2018-03-09 23:03:22.613146:3173MB
2018-03-09 23:03:22.617451:3173MB
2018-03-09 23:03:22.621640:3173MB
2018-03-09 23:03:22.625831:3173MB
2018-03-09 23:03:22.629923:3173MB
2018-03-09 23:03:22.634280:3173MB
2018-03-09 23:03:22.639016:3173MB
2018-03-09 23:03:22.643927:3173MB
2018-03-09 23:03:22.648135:3173MB
2018-03-09 23:03:22.652224:3173MB
2018-03-09 23:03:22.656715:3173MB
2018-03-09 23:03:22.661355:3173MB
2018-03-09 23:03:22.665714:3173MB
2018-03-09 23:03:22.670257:3173MB
2018-03-09 23:03:22.674500:3173MB
2018-03-09 23:03:22.678638:3173MB
2018-03-09 23:03:22.683456:3173MB
2018-03-09 23:03:22.687703:3173MB
2018-03-09 23:03:22.692193:3173MB
2018-03-09 23:03:22.696446:3173MB
2018-03-09 23:03:22.700463:3173MB
2018-03-09 23:03:22.705610:3173MB
2018-03-09 23:03:22.710277:3173MB
2018-03-09 23:03:22.714643:3173MB
2018-03-09 23:03:22.718983:3173MB
2018-03-09 23:03:22.723579:3173MB
2018-03-09 23:03:22.727776:3173MB
2018-03-09 23:03:22.731828:3173MB
2018-03-09 23:03:22.736370:3173MB
2018-03-09 23:03:22.741971:3173MB
2018-03-09 23:03:22.746452:3173MB
2018-03-09 23:03:22.750924:3173MB
2018-03-09 23:03:22.755835:3173MB
2018-03-09 23:03:22.759988:3172MB
2018-03-09 23:03:22.764141:3172MB
2018-03-09 23:03:22.768459:3172MB
2018-03-09 23:03:22.773388:3172MB
2018-03-09 23:03:22.778818:3173MB
2018-03-09 23:03:22.783101:3173MB
2018-03-09 23:03:22.787153:3173MB
2018-03-09 23:03:22.792052:3173MB
2018-03-09 23:03:22.797856:3173MB
2018-03-09 23:03:22.802156:3173MB
2018-03-09 23:03:22.807487:3173MB
2018-03-09 23:03:22.812183:3173MB
2018-03-09 23:03:22.816147:3173MB
2018-03-09 23:03:22.820101:3173MB
2018-03-09 23:03:22.824828:3173MB
2018-03-09 23:03:22.829526:3173MB
2018-03-09 23:03:22.833771:3173MB
2018-03-09 23:03:22.837922:3173MB
2018-03-09 23:03:22.843511:3173MB
2018-03-09 23:03:22.848255:3173MB
2018-03-09 23:03:22.852846:3173MB
2018-03-09 23:03:22.857283:3173MB
2018-03-09 23:03:22.861369:3173MB
2018-03-09 23:03:22.865500:3173MB
2018-03-09 23:03:22.869877:3173MB
2018-03-09 23:03:22.874578:3173MB
2018-03-09 23:03:22.879512:3173MB
2018-03-09 23:03:22.883693:3173MB
2018-03-09 23:03:22.887778:3173MB
2018-03-09 23:03:22.892009:3173MB
2018-03-09 23:03:22.897022:3173MB
2018-03-09 23:03:22.901443:3173MB
2018-03-09 23:03:22.906216:3173MB
2018-03-09 23:03:22.910891:3173MB
2018-03-09 23:03:22.914974:3173MB
2018-03-09 23:03:22.919202:3173MB
2018-03-09 23:03:22.923720:3173MB
2018-03-09 23:03:22.928253:3173MB
2018-03-09 23:03:22.933169:3173MB
2018-03-09 23:03:22.937376:3173MB
2018-03-09 23:03:22.942943:3173MB
2018-03-09 23:03:22.947451:3173MB
2018-03-09 23:03:22.951755:3173MB
2018-03-09 23:03:22.956518:3173MB
2018-03-09 23:03:22.961612:3173MB
2018-03-09 23:03:22.966556:3173MB
2018-03-09 23:03:22.971043:3173MB
2018-03-09 23:03:22.976095:3173MB
2018-03-09 23:03:22.982043:3173MB
2018-03-09 23:03:22.987120:3173MB
2018-03-09 23:03:22.993680:3173MB
2018-03-09 23:03:22.999885:3173MB
2018-03-09 23:03:23.004256:3173MB
2018-03-09 23:03:23.008597:3173MB
2018-03-09 23:03:23.013342:3173MB
2018-03-09 23:03:23.018017:3173MB
2018-03-09 23:03:23.022538:3173MB
2018-03-09 23:03:23.027161:3173MB
2018-03-09 23:03:23.031734:3173MB
2018-03-09 23:03:23.036255:3173MB
2018-03-09 23:03:23.040976:3173MB
2018-03-09 23:03:23.046309:3173MB
2018-03-09 23:03:23.050724:3173MB
2018-03-09 23:03:23.055179:3173MB
2018-03-09 23:03:23.060096:3173MB
2018-03-09 23:03:23.064573:3173MB
2018-03-09 23:03:23.069213:3173MB
2018-03-09 23:03:23.073613:3173MB
2018-03-09 23:03:23.079074:3173MB
2018-03-09 23:03:23.083278:3173MB
2018-03-09 23:03:23.087517:3173MB
2018-03-09 23:03:23.091997:3173MB
2018-03-09 23:03:23.096842:3173MB
2018-03-09 23:03:23.101128:3173MB
2018-03-09 23:03:23.105801:3173MB
2018-03-09 23:03:23.111351:3173MB
2018-03-09 23:03:23.116212:3173MB
2018-03-09 23:03:23.120263:3173MB
2018-03-09 23:03:23.124895:3173MB
2018-03-09 23:03:23.129888:3173MB
2018-03-09 23:03:23.134490:3173MB
2018-03-09 23:03:23.139117:3173MB
2018-03-09 23:03:23.144080:3173MB
2018-03-09 23:03:23.150442:3173MB
2018-03-09 23:03:23.155511:3173MB
2018-03-09 23:03:23.159676:3173MB
2018-03-09 23:03:23.163799:3173MB
2018-03-09 23:03:23.168078:3173MB
2018-03-09 23:03:23.172348:3173MB
2018-03-09 23:03:23.176805:3173MB
2018-03-09 23:03:23.182841:3173MB
2018-03-09 23:03:23.189327:3173MB
2018-03-09 23:03:23.200652:3173MB
2018-03-09 23:03:23.205295:3173MB
2018-03-09 23:03:23.209460:3173MB
2018-03-09 23:03:23.215300:3173MB
2018-03-09 23:03:23.219986:3173MB
2018-03-09 23:03:23.224554:3173MB
2018-03-09 23:03:23.228994:3173MB
2018-03-09 23:03:23.233241:3173MB
2018-03-09 23:03:23.237313:3173MB
2018-03-09 23:03:23.241937:3173MB
2018-03-09 23:03:23.246848:3173MB
2018-03-09 23:03:23.252343:3173MB
2018-03-09 23:03:23.256420:3173MB
2018-03-09 23:03:23.260474:3173MB
2018-03-09 23:03:23.264413:3173MB
2018-03-09 23:03:23.268833:3173MB
2018-03-09 23:03:23.273091:3173MB
2018-03-09 23:03:23.277520:3173MB
2018-03-09 23:03:23.283101:3173MB
2018-03-09 23:03:23.287940:3173MB
2018-03-09 23:03:23.292609:3173MB
2018-03-09 23:03:23.296965:3173MB
2018-03-09 23:03:23.301816:3173MB
2018-03-09 23:03:23.306512:3173MB
2018-03-09 23:03:23.311333:3173MB
2018-03-09 23:03:23.316644:3173MB
2018-03-09 23:03:23.321935:3173MB
2018-03-09 23:03:23.327389:3173MB
2018-03-09 23:03:23.331469:3173MB
2018-03-09 23:03:23.335540:3173MB
2018-03-09 23:03:23.339777:3173MB
2018-03-09 23:03:23.344409:3173MB
2018-03-09 23:03:23.349030:3173MB
2018-03-09 23:03:23.354878:3173MB
2018-03-09 23:03:23.359654:3173MB
2018-03-09 23:03:23.364464:3173MB
2018-03-09 23:03:23.368846:3173MB
2018-03-09 23:03:23.373429:3173MB
2018-03-09 23:03:23.378005:3173MB
2018-03-09 23:03:23.382195:3173MB
2018-03-09 23:03:23.388927:3173MB
2018-03-09 23:03:23.395212:3173MB
2018-03-09 23:03:23.399930:3173MB
2018-03-09 23:03:23.404183:3173MB
2018-03-09 23:03:23.408797:3173MB
2018-03-09 23:03:23.413390:3173MB
2018-03-09 23:03:23.417993:3173MB
2018-03-09 23:03:23.422925:3173MB
2018-03-09 23:03:23.427511:3173MB
2018-03-09 23:03:23.431841:3173MB
2018-03-09 23:03:23.435899:3173MB
2018-03-09 23:03:23.440174:3173MB
2018-03-09 23:03:23.445711:3173MB
2018-03-09 23:03:23.450098:3173MB
2018-03-09 23:03:23.454856:3173MB
2018-03-09 23:03:23.459625:3174MB
2018-03-09 23:03:23.464240:3174MB
2018-03-09 23:03:23.468962:3174MB
2018-03-09 23:03:23.473554:3174MB
2018-03-09 23:03:23.478048:3173MB
2018-03-09 23:03:23.482543:3173MB
2018-03-09 23:03:23.488180:3173MB
2018-03-09 23:03:23.494880:3173MB
2018-03-09 23:03:23.499265:3173MB
2018-03-09 23:03:23.503492:3173MB
2018-03-09 23:03:23.507875:3173MB
2018-03-09 23:03:23.512637:3173MB
2018-03-09 23:03:23.517791:3173MB
2018-03-09 23:03:23.523202:3173MB
2018-03-09 23:03:23.527796:3173MB
2018-03-09 23:03:23.532157:3173MB
2018-03-09 23:03:23.537004:3173MB
2018-03-09 23:03:23.541681:3173MB
2018-03-09 23:03:23.546048:3173MB
2018-03-09 23:03:23.550238:3173MB
2018-03-09 23:03:23.555112:3173MB
2018-03-09 23:03:23.560556:3173MB
2018-03-09 23:03:23.565222:3173MB
2018-03-09 23:03:23.570100:3173MB
2018-03-09 23:03:23.575113:3173MB
2018-03-09 23:03:23.579120:3173MB
2018-03-09 23:03:23.583391:3173MB
2018-03-09 23:03:23.593224:3173MB
2018-03-09 23:03:23.599073:3173MB
2018-03-09 23:03:23.603682:3173MB
2018-03-09 23:03:23.608920:3173MB
2018-03-09 23:03:23.613587:3173MB
2018-03-09 23:03:23.617776:3173MB
2018-03-09 23:03:23.621940:3173MB
2018-03-09 23:03:23.627154:3173MB
2018-03-09 23:03:23.631943:3173MB
2018-03-09 23:03:23.636221:3173MB
2018-03-09 23:03:23.640253:3173MB
2018-03-09 23:03:23.644905:3173MB
2018-03-09 23:03:23.649691:3173MB
2018-03-09 23:03:23.654330:3173MB
2018-03-09 23:03:23.659621:3173MB
2018-03-09 23:03:23.664042:3173MB
2018-03-09 23:03:23.668668:3173MB
2018-03-09 23:03:23.673401:3173MB
2018-03-09 23:03:23.678397:3173MB
2018-03-09 23:03:23.683153:3173MB
2018-03-09 23:03:23.687719:3173MB
2018-03-09 23:03:23.692434:3173MB
2018-03-09 23:03:23.697055:3173MB
2018-03-09 23:03:23.701111:3173MB
2018-03-09 23:03:23.705241:3173MB
2018-03-09 23:03:23.710311:3173MB
2018-03-09 23:03:23.715112:3173MB
2018-03-09 23:03:23.719181:3173MB
2018-03-09 23:03:23.723349:3173MB
2018-03-09 23:03:23.728567:3174MB
2018-03-09 23:03:23.733026:3174MB
2018-03-09 23:03:23.737300:3174MB
2018-03-09 23:03:23.741640:3174MB
2018-03-09 23:03:23.746006:3174MB
2018-03-09 23:03:23.750328:3174MB
2018-03-09 23:03:23.754487:3174MB
2018-03-09 23:03:23.759625:3174MB
2018-03-09 23:03:23.765314:3174MB
2018-03-09 23:03:23.771037:3174MB
2018-03-09 23:03:23.776986:3188MB
2018-03-09 23:03:23.783364:3196MB
2018-03-09 23:03:23.791021:3196MB
2018-03-09 23:03:23.796894:3200MB
2018-03-09 23:03:23.803782:3207MB
2018-03-09 23:03:23.809171:3207MB
2018-03-09 23:03:23.814395:3207MB
2018-03-09 23:03:23.820656:3207MB
2018-03-09 23:03:23.825154:3208MB
2018-03-09 23:03:23.829819:3208MB
2018-03-09 23:03:23.835600:3208MB
2018-03-09 23:03:23.842035:3211MB
2018-03-09 23:03:23.846790:3218MB
2018-03-09 23:03:23.853854:3218MB
2018-03-09 23:03:23.858582:3218MB
2018-03-09 23:03:23.864564:3218MB
2018-03-09 23:03:23.871106:3219MB
2018-03-09 23:03:23.875552:3219MB
2018-03-09 23:03:23.881025:3219MB
2018-03-09 23:03:23.887694:3220MB
2018-03-09 23:03:23.892293:3219MB
2018-03-09 23:03:23.898717:3220MB
2018-03-09 23:03:23.905262:3220MB
2018-03-09 23:03:23.910671:3220MB
2018-03-09 23:03:23.915309:3220MB
2018-03-09 23:03:23.921194:3220MB
2018-03-09 23:03:23.925829:3220MB
2018-03-09 23:03:23.931024:3220MB
2018-03-09 23:03:23.935821:3220MB
2018-03-09 23:03:23.941254:3220MB
2018-03-09 23:03:23.945765:3220MB
2018-03-09 23:03:23.951646:3220MB
2018-03-09 23:03:23.957335:3220MB
2018-03-09 23:03:23.961683:3220MB
2018-03-09 23:03:23.968973:3221MB
2018-03-09 23:03:23.974937:3221MB
2018-03-09 23:03:23.979317:3221MB
2018-03-09 23:03:23.985688:3221MB
2018-03-09 23:03:23.990795:3221MB
2018-03-09 23:03:23.994979:3221MB
2018-03-09 23:03:24.000022:3221MB
2018-03-09 23:03:24.006481:3221MB
2018-03-09 23:03:24.011543:3221MB
2018-03-09 23:03:24.018191:3221MB
2018-03-09 23:03:24.024243:3221MB
2018-03-09 23:03:24.028735:3221MB
2018-03-09 23:03:24.035822:3221MB
2018-03-09 23:03:24.040997:3221MB
2018-03-09 23:03:24.045702:3221MB
2018-03-09 23:03:24.053101:3221MB
2018-03-09 23:03:24.057737:3221MB
2018-03-09 23:03:24.061953:3221MB
2018-03-09 23:03:24.069225:3221MB
2018-03-09 23:03:24.075561:3221MB
2018-03-09 23:03:24.080752:3221MB
2018-03-09 23:03:24.086929:3221MB
2018-03-09 23:03:24.091716:3221MB
2018-03-09 23:03:24.096370:3221MB
2018-03-09 23:03:24.103531:3221MB
2018-03-09 23:03:24.108727:3221MB
2018-03-09 23:03:24.114476:3221MB
2018-03-09 23:03:24.120478:3221MB
2018-03-09 23:03:24.124993:3221MB
2018-03-09 23:03:24.129607:3221MB
2018-03-09 23:03:24.136909:3221MB
2018-03-09 23:03:24.141784:3221MB
2018-03-09 23:03:24.146601:3221MB
2018-03-09 23:03:24.153601:3221MB
2018-03-09 23:03:24.158729:3219MB
2018-03-09 23:03:24.163904:3219MB
2018-03-09 23:03:24.169705:3219MB
2018-03-09 23:03:24.177420:3219MB
2018-03-09 23:03:24.184622:3219MB
2018-03-09 23:03:24.189289:3219MB
2018-03-09 23:03:24.193695:3220MB
2018-03-09 23:03:24.200611:3220MB
2018-03-09 23:03:24.211789:3220MB
2018-03-09 23:03:24.219107:3220MB
2018-03-09 23:03:24.224167:3220MB
2018-03-09 23:03:24.228346:3220MB
2018-03-09 23:03:24.235233:3220MB
2018-03-09 23:03:24.241837:3220MB
2018-03-09 23:03:24.248580:3220MB
2018-03-09 23:03:24.254497:3221MB
2018-03-09 23:03:24.259610:3220MB
2018-03-09 23:03:24.263768:3221MB
2018-03-09 23:03:24.267799:3221MB
2018-03-09 23:03:24.272290:3220MB
2018-03-09 23:03:24.276552:3220MB
2018-03-09 23:03:24.281719:3220MB
2018-03-09 23:03:24.286436:3220MB
2018-03-09 23:03:24.290989:3220MB
2018-03-09 23:03:24.296122:3220MB
2018-03-09 23:03:24.301042:3220MB
2018-03-09 23:03:24.305700:3221MB
2018-03-09 23:03:24.309911:3221MB
2018-03-09 23:03:24.315006:3221MB
2018-03-09 23:03:24.320051:3221MB
2018-03-09 23:03:24.324900:3221MB
2018-03-09 23:03:24.329939:3221MB
2018-03-09 23:03:24.334326:3221MB
2018-03-09 23:03:24.338877:3221MB
2018-03-09 23:03:24.343878:3221MB
2018-03-09 23:03:24.350116:3221MB
2018-03-09 23:03:24.354996:3221MB
2018-03-09 23:03:24.360195:3221MB
2018-03-09 23:03:24.364521:3221MB
2018-03-09 23:03:24.368522:3221MB
2018-03-09 23:03:24.372970:3221MB
2018-03-09 23:03:24.377280:3221MB
2018-03-09 23:03:24.382187:3221MB
2018-03-09 23:03:24.387135:3221MB
2018-03-09 23:03:24.391300:3221MB
2018-03-09 23:03:24.395766:3221MB
2018-03-09 23:03:24.400227:3221MB
2018-03-09 23:03:24.404806:3221MB
2018-03-09 23:03:24.410277:3221MB
2018-03-09 23:03:24.415312:3221MB
2018-03-09 23:03:24.422799:3221MB
2018-03-09 23:03:24.427694:3221MB
2018-03-09 23:03:24.432258:3221MB
2018-03-09 23:03:24.436486:3221MB
2018-03-09 23:03:24.441389:3221MB
2018-03-09 23:03:24.445664:3221MB
2018-03-09 23:03:24.450066:3221MB
2018-03-09 23:03:24.454809:3221MB
2018-03-09 23:03:24.459082:3221MB
2018-03-09 23:03:24.463486:3221MB
2018-03-09 23:03:24.467912:3221MB
2018-03-09 23:03:24.472706:3221MB
2018-03-09 23:03:24.477415:3221MB
2018-03-09 23:03:24.481681:3221MB
2018-03-09 23:03:24.487348:3221MB
2018-03-09 23:03:24.493945:3221MB
2018-03-09 23:03:24.499170:3221MB
2018-03-09 23:03:24.503253:3221MB
2018-03-09 23:03:24.507589:3221MB
2018-03-09 23:03:24.511901:3221MB
2018-03-09 23:03:24.516916:3221MB
2018-03-09 23:03:24.521883:3221MB
2018-03-09 23:03:24.526759:3221MB
2018-03-09 23:03:24.531546:3221MB
2018-03-09 23:03:24.535732:3221MB
2018-03-09 23:03:24.540196:3221MB
2018-03-09 23:03:24.545220:3221MB
2018-03-09 23:03:24.549520:3221MB
2018-03-09 23:03:24.554478:3221MB
2018-03-09 23:03:24.559217:3221MB
2018-03-09 23:03:24.563737:3221MB
2018-03-09 23:03:24.568188:3221MB
2018-03-09 23:03:24.572531:3221MB
2018-03-09 23:03:24.577102:3221MB
2018-03-09 23:03:24.582372:3221MB
2018-03-09 23:03:24.589242:3221MB
2018-03-09 23:03:24.594269:3221MB
2018-03-09 23:03:24.598997:3221MB
2018-03-09 23:03:24.603618:3221MB
2018-03-09 23:03:24.608262:3221MB
2018-03-09 23:03:24.613603:3221MB
2018-03-09 23:03:24.618892:3221MB
2018-03-09 23:03:24.626019:3221MB
2018-03-09 23:03:24.630307:3221MB
2018-03-09 23:03:24.634654:3221MB
2018-03-09 23:03:24.639496:3221MB
2018-03-09 23:03:24.644580:3221MB
2018-03-09 23:03:24.648799:3221MB
2018-03-09 23:03:24.652826:3221MB
2018-03-09 23:03:24.658968:3221MB
2018-03-09 23:03:24.663499:3221MB
2018-03-09 23:03:24.667882:3221MB
2018-03-09 23:03:24.672228:3221MB
2018-03-09 23:03:24.676629:3221MB
2018-03-09 23:03:24.680931:3221MB
2018-03-09 23:03:24.685436:3221MB
2018-03-09 23:03:24.693646:3221MB
2018-03-09 23:03:24.698573:3221MB
2018-03-09 23:03:24.702652:3221MB
2018-03-09 23:03:24.706612:3221MB
2018-03-09 23:03:24.711476:3221MB
2018-03-09 23:03:24.715710:3221MB
2018-03-09 23:03:24.720041:3221MB
2018-03-09 23:03:24.726944:3221MB
2018-03-09 23:03:24.731725:3221MB
2018-03-09 23:03:24.736905:3221MB
2018-03-09 23:03:24.741252:3221MB
2018-03-09 23:03:24.745627:3221MB
2018-03-09 23:03:24.750015:3221MB
2018-03-09 23:03:24.754262:3221MB
2018-03-09 23:03:24.759056:3221MB
2018-03-09 23:03:24.763914:3221MB
2018-03-09 23:03:24.768575:3221MB
2018-03-09 23:03:24.773346:3221MB
2018-03-09 23:03:24.777993:3221MB
2018-03-09 23:03:24.782705:3221MB
2018-03-09 23:03:24.786928:3221MB
2018-03-09 23:03:24.792380:3221MB
2018-03-09 23:03:24.798307:3221MB
2018-03-09 23:03:24.803091:3221MB
2018-03-09 23:03:24.808041:3221MB
2018-03-09 23:03:24.813091:3221MB
2018-03-09 23:03:24.818820:3221MB
2018-03-09 23:03:24.823171:3221MB
2018-03-09 23:03:24.830353:3221MB
2018-03-09 23:03:24.835457:3221MB
2018-03-09 23:03:24.839988:3221MB
2018-03-09 23:03:24.844174:3221MB
2018-03-09 23:03:24.848221:3221MB
2018-03-09 23:03:24.852282:3221MB
2018-03-09 23:03:24.856315:3221MB
2018-03-09 23:03:24.863385:3221MB
2018-03-09 23:03:24.868344:3221MB
2018-03-09 23:03:24.872941:3221MB
2018-03-09 23:03:24.877371:3221MB
2018-03-09 23:03:24.881964:3221MB
2018-03-09 23:03:24.886363:3221MB
2018-03-09 23:03:24.892260:3221MB
2018-03-09 23:03:24.898364:3221MB
2018-03-09 23:03:24.902646:3221MB
2018-03-09 23:03:24.907047:3221MB
2018-03-09 23:03:24.911131:3221MB
2018-03-09 23:03:24.915145:3221MB
2018-03-09 23:03:24.919535:3221MB
2018-03-09 23:03:24.923856:3221MB
2018-03-09 23:03:24.928367:3221MB
2018-03-09 23:03:24.933394:3222MB
2018-03-09 23:03:24.937729:3222MB
2018-03-09 23:03:24.942223:3222MB
2018-03-09 23:03:24.946457:3222MB
2018-03-09 23:03:24.950624:3222MB
2018-03-09 23:03:24.954561:3222MB
2018-03-09 23:03:24.958760:3222MB
2018-03-09 23:03:24.963519:3222MB
2018-03-09 23:03:24.968117:3222MB
2018-03-09 23:03:24.972433:3222MB
2018-03-09 23:03:24.977394:3222MB
2018-03-09 23:03:24.982120:3222MB
2018-03-09 23:03:24.986694:3222MB
2018-03-09 23:03:24.993225:3222MB
2018-03-09 23:03:24.997531:3222MB
2018-03-09 23:03:25.001657:3222MB
2018-03-09 23:03:25.005883:3222MB
2018-03-09 23:03:25.010669:3222MB
2018-03-09 23:03:25.015396:3222MB
2018-03-09 23:03:25.020391:3222MB
2018-03-09 23:03:25.024851:3222MB
2018-03-09 23:03:25.029825:3222MB
2018-03-09 23:03:25.034968:3222MB
2018-03-09 23:03:25.039343:3222MB
2018-03-09 23:03:25.044299:3222MB
2018-03-09 23:03:25.048745:3222MB
2018-03-09 23:03:25.053196:3222MB
2018-03-09 23:03:25.057403:3222MB
2018-03-09 23:03:25.061948:3222MB
2018-03-09 23:03:25.068266:3222MB
2018-03-09 23:03:25.072802:3222MB
2018-03-09 23:03:25.076893:3222MB
2018-03-09 23:03:25.081121:3222MB
2018-03-09 23:03:25.085592:3222MB
2018-03-09 23:03:25.091370:3222MB
2018-03-09 23:03:25.097785:3222MB
2018-03-09 23:03:25.102675:3222MB
2018-03-09 23:03:25.106820:3222MB
2018-03-09 23:03:25.111199:3222MB
2018-03-09 23:03:25.115609:3222MB
2018-03-09 23:03:25.119681:3222MB
2018-03-09 23:03:25.123695:3222MB
2018-03-09 23:03:25.128586:3222MB
2018-03-09 23:03:25.133861:3222MB
2018-03-09 23:03:25.138783:3222MB
2018-03-09 23:03:25.143565:3222MB
2018-03-09 23:03:25.148016:3222MB
2018-03-09 23:03:25.152704:3222MB
2018-03-09 23:03:25.156753:3222MB
2018-03-09 23:03:25.161237:3222MB
2018-03-09 23:03:25.165566:3222MB
2018-03-09 23:03:25.170271:3222MB
2018-03-09 23:03:25.174909:3222MB
2018-03-09 23:03:25.179519:3222MB
2018-03-09 23:03:25.184051:3222MB
2018-03-09 23:03:25.188530:3222MB
2018-03-09 23:03:25.193512:3222MB
2018-03-09 23:03:25.197868:3222MB
2018-03-09 23:03:25.204505:3222MB
2018-03-09 23:03:25.209205:3222MB
2018-03-09 23:03:25.213635:3222MB
2018-03-09 23:03:25.218598:3222MB
2018-03-09 23:03:25.224205:3216MB
2018-03-09 23:03:25.228889:3216MB
2018-03-09 23:03:25.233162:3216MB
2018-03-09 23:03:25.238465:3216MB
2018-03-09 23:03:25.244125:3202MB
2018-03-09 23:03:25.248309:3200MB
2018-03-09 23:03:25.252835:3200MB
2018-03-09 23:03:25.257091:3200MB
2018-03-09 23:03:25.261533:3200MB
2018-03-09 23:03:25.265543:3200MB
2018-03-09 23:03:25.269910:3200MB
2018-03-09 23:03:25.275549:3200MB
2018-03-09 23:03:25.280580:3200MB
2018-03-09 23:03:25.285019:3178MB
2018-03-09 23:03:25.289420:3178MB
2018-03-09 23:03:25.294144:3178MB
2018-03-09 23:03:25.298842:3178MB
2018-03-09 23:03:25.303169:3178MB
2018-03-09 23:03:25.308363:3178MB
2018-03-09 23:03:25.313161:3178MB
2018-03-09 23:03:25.317832:3178MB
2018-03-09 23:03:25.322273:3178MB
2018-03-09 23:03:25.326600:3178MB
2018-03-09 23:03:25.330650:3177MB
2018-03-09 23:03:25.334647:3177MB
2018-03-09 23:03:25.339829:3177MB
2018-03-09 23:03:25.344559:3177MB
2018-03-09 23:03:25.349162:3177MB
2018-03-09 23:03:25.353800:3177MB
2018-03-09 23:03:25.358269:3177MB
2018-03-09 23:03:25.362535:3177MB
2018-03-09 23:03:25.366642:3177MB
2018-03-09 23:03:25.371095:3177MB
2018-03-09 23:03:25.376697:3177MB
2018-03-09 23:03:25.381629:3177MB
2018-03-09 23:03:25.385625:3178MB
2018-03-09 23:03:25.389649:3178MB
2018-03-09 23:03:25.394162:3178MB
2018-03-09 23:03:25.398375:3178MB
2018-03-09 23:03:25.402724:3178MB
2018-03-09 23:03:25.407285:3178MB
2018-03-09 23:03:25.413439:3178MB
2018-03-09 23:03:25.417692:3178MB
2018-03-09 23:03:25.421940:3178MB
2018-03-09 23:03:25.427285:3178MB
2018-03-09 23:03:25.432106:3178MB
2018-03-09 23:03:25.436691:3178MB
2018-03-09 23:03:25.441512:3178MB
2018-03-09 23:03:25.446920:3178MB
2018-03-09 23:03:25.451301:3178MB
2018-03-09 23:03:25.455553:3178MB
2018-03-09 23:03:25.459972:3178MB
2018-03-09 23:03:25.464376:3178MB
2018-03-09 23:03:25.468763:3178MB
2018-03-09 23:03:25.472839:3178MB
2018-03-09 23:03:25.477194:3178MB
2018-03-09 23:03:25.482174:3178MB
2018-03-09 23:03:25.486292:3178MB
2018-03-09 23:03:25.494620:3178MB
2018-03-09 23:03:25.499844:3178MB
2018-03-09 23:03:25.504510:3178MB
2018-03-09 23:03:25.509358:3178MB
2018-03-09 23:03:25.514039:3178MB
2018-03-09 23:03:25.518715:3178MB
2018-03-09 23:03:25.523055:3178MB
2018-03-09 23:03:25.527249:3178MB
2018-03-09 23:03:25.531586:3178MB
2018-03-09 23:03:25.536032:3178MB
2018-03-09 23:03:25.540126:3178MB
2018-03-09 23:03:25.544320:3178MB
2018-03-09 23:03:25.552732:3178MB
2018-03-09 23:03:25.558498:3178MB
2018-03-09 23:03:25.563540:3178MB
2018-03-09 23:03:25.567883:3178MB
2018-03-09 23:03:25.572341:3178MB
2018-03-09 23:03:25.576637:3178MB
2018-03-09 23:03:25.581833:3178MB
2018-03-09 23:03:25.586152:3178MB
2018-03-09 23:03:25.590536:3178MB
2018-03-09 23:03:25.595115:3178MB
2018-03-09 23:03:25.599470:3178MB
2018-03-09 23:03:25.603563:3178MB
2018-03-09 23:03:25.607716:3178MB
2018-03-09 23:03:25.611869:3178MB
2018-03-09 23:03:25.616670:3178MB
2018-03-09 23:03:25.620804:3178MB
2018-03-09 23:03:25.626284:3178MB
2018-03-09 23:03:25.631650:3178MB
2018-03-09 23:03:25.636541:3178MB
2018-03-09 23:03:25.640603:3178MB
2018-03-09 23:03:25.644509:3178MB
2018-03-09 23:03:25.650407:3178MB
2018-03-09 23:03:25.655240:3178MB
2018-03-09 23:03:25.660014:3178MB
2018-03-09 23:03:25.664462:3178MB
2018-03-09 23:03:25.668837:3178MB
2018-03-09 23:03:25.672981:3178MB
2018-03-09 23:03:25.677064:3178MB
2018-03-09 23:03:25.682583:3178MB
2018-03-09 23:03:25.687289:3178MB
2018-03-09 23:03:25.693505:3178MB
2018-03-09 23:03:25.698508:3177MB
2018-03-09 23:03:25.702667:3177MB
2018-03-09 23:03:25.706644:3177MB
2018-03-09 23:03:25.710493:3177MB
2018-03-09 23:03:25.715732:3178MB
2018-03-09 23:03:25.720730:3178MB
2018-03-09 23:03:25.725522:3178MB
2018-03-09 23:03:25.729843:3178MB
2018-03-09 23:03:25.734081:3178MB
2018-03-09 23:03:25.738507:3178MB
2018-03-09 23:03:25.742888:3178MB
2018-03-09 23:03:25.747526:3178MB
2018-03-09 23:03:25.752833:3178MB
2018-03-09 23:03:25.757234:3178MB
2018-03-09 23:03:25.761978:3178MB
2018-03-09 23:03:25.766265:3178MB
2018-03-09 23:03:25.770271:3178MB
2018-03-09 23:03:25.774136:3178MB
2018-03-09 23:03:25.778224:3178MB
2018-03-09 23:03:25.784169:3177MB
2018-03-09 23:03:25.788518:3177MB
2018-03-09 23:03:25.792780:3177MB
2018-03-09 23:03:25.796863:3177MB
2018-03-09 23:03:25.801392:3177MB
2018-03-09 23:03:25.805924:3178MB
2018-03-09 23:03:25.810231:3178MB
2018-03-09 23:03:25.815160:3178MB
2018-03-09 23:03:25.820490:3178MB
2018-03-09 23:03:25.825043:3178MB
2018-03-09 23:03:25.829302:3178MB
2018-03-09 23:03:25.834531:3178MB
2018-03-09 23:03:25.838909:3178MB
2018-03-09 23:03:25.843162:3178MB
2018-03-09 23:03:25.848093:3178MB
2018-03-09 23:03:25.854081:3178MB
2018-03-09 23:03:25.858503:3177MB
2018-03-09 23:03:25.863300:3177MB
2018-03-09 23:03:25.868144:3177MB
2018-03-09 23:03:25.872331:3177MB
2018-03-09 23:03:25.876747:3177MB
2018-03-09 23:03:25.880959:3177MB
2018-03-09 23:03:25.887229:3177MB
2018-03-09 23:03:25.893522:3177MB
2018-03-09 23:03:25.898532:3177MB
2018-03-09 23:03:25.902742:3177MB
2018-03-09 23:03:25.907717:3177MB
2018-03-09 23:03:25.912102:3177MB
2018-03-09 23:03:25.918063:3177MB
2018-03-09 23:03:25.923368:3177MB
2018-03-09 23:03:25.928259:3177MB
2018-03-09 23:03:25.932904:3178MB
2018-03-09 23:03:25.937407:3178MB
2018-03-09 23:03:25.941879:3178MB
2018-03-09 23:03:25.946280:3178MB
2018-03-09 23:03:25.952054:3178MB
2018-03-09 23:03:25.957675:3178MB
2018-03-09 23:03:25.962394:3178MB
2018-03-09 23:03:25.966906:3178MB
2018-03-09 23:03:25.971496:3178MB
2018-03-09 23:03:25.976230:3178MB
2018-03-09 23:03:25.981046:3178MB
2018-03-09 23:03:25.986627:3178MB
2018-03-09 23:03:25.992879:3178MB
2018-03-09 23:03:25.997127:3178MB
2018-03-09 23:03:26.001063:3178MB
2018-03-09 23:03:26.005239:3178MB
2018-03-09 23:03:26.009308:3178MB
2018-03-09 23:03:26.013651:3178MB
2018-03-09 23:03:26.019268:3178MB
2018-03-09 23:03:26.024166:3178MB
2018-03-09 23:03:26.028749:3178MB
2018-03-09 23:03:26.033738:3177MB
2018-03-09 23:03:26.039102:3178MB
2018-03-09 23:03:26.043372:3178MB
2018-03-09 23:03:26.047492:3178MB
2018-03-09 23:03:26.052392:3178MB
2018-03-09 23:03:26.057398:3178MB
2018-03-09 23:03:26.062100:3178MB
2018-03-09 23:03:26.066674:3178MB
2018-03-09 23:03:26.071050:3178MB
2018-03-09 23:03:26.074929:3178MB
2018-03-09 23:03:26.078937:3178MB
2018-03-09 23:03:26.082998:3178MB
2018-03-09 23:03:26.087930:3178MB
2018-03-09 23:03:26.093031:3178MB
2018-03-09 23:03:26.098525:3178MB
2018-03-09 23:03:26.103369:3178MB
2018-03-09 23:03:26.108724:3178MB
2018-03-09 23:03:26.113138:3178MB
2018-03-09 23:03:26.117590:3178MB
2018-03-09 23:03:26.122249:3178MB
2018-03-09 23:03:26.126727:3178MB
2018-03-09 23:03:26.131065:3178MB
2018-03-09 23:03:26.134947:3178MB
2018-03-09 23:03:26.139037:3178MB
2018-03-09 23:03:26.144179:3178MB
2018-03-09 23:03:26.149052:3178MB
2018-03-09 23:03:26.154791:3178MB
2018-03-09 23:03:26.159481:3178MB
2018-03-09 23:03:26.163742:3178MB
2018-03-09 23:03:26.168490:3178MB
2018-03-09 23:03:26.172897:3178MB
2018-03-09 23:03:26.177426:3178MB
2018-03-09 23:03:26.181954:3178MB
2018-03-09 23:03:26.187848:3178MB
2018-03-09 23:03:26.193457:3178MB
2018-03-09 23:03:26.197915:3178MB
2018-03-09 23:03:26.202288:3178MB
2018-03-09 23:03:26.207531:3178MB
2018-03-09 23:03:26.213277:3178MB
2018-03-09 23:03:26.218046:3178MB
2018-03-09 23:03:26.223323:3178MB
2018-03-09 23:03:26.228008:3178MB
2018-03-09 23:03:26.232584:3178MB
2018-03-09 23:03:26.238034:3178MB
2018-03-09 23:03:26.244791:3178MB
2018-03-09 23:03:26.249037:3178MB
2018-03-09 23:03:26.253122:3178MB
2018-03-09 23:03:26.258163:3178MB
2018-03-09 23:03:26.263398:3178MB
2018-03-09 23:03:26.267813:3178MB
2018-03-09 23:03:26.272249:3178MB
2018-03-09 23:03:26.276787:3178MB
2018-03-09 23:03:26.281262:3178MB
2018-03-09 23:03:26.285842:3178MB
2018-03-09 23:03:26.290770:3178MB
2018-03-09 23:03:26.296213:3178MB
2018-03-09 23:03:26.300372:3178MB
2018-03-09 23:03:26.304648:3178MB
2018-03-09 23:03:26.309488:3178MB
2018-03-09 23:03:26.313868:3178MB
2018-03-09 23:03:26.318062:3178MB
2018-03-09 23:03:26.322242:3178MB
2018-03-09 23:03:26.327262:3178MB
2018-03-09 23:03:26.331629:3178MB
2018-03-09 23:03:26.336531:3178MB
2018-03-09 23:03:26.341828:3178MB
2018-03-09 23:03:26.347242:3178MB
2018-03-09 23:03:26.351690:3178MB
2018-03-09 23:03:26.356069:3178MB
2018-03-09 23:03:26.361019:3178MB
2018-03-09 23:03:26.365736:3178MB
2018-03-09 23:03:26.370687:3178MB
2018-03-09 23:03:26.375621:3178MB
2018-03-09 23:03:26.380048:3178MB
2018-03-09 23:03:26.385022:3178MB
2018-03-09 23:03:26.390047:3178MB
2018-03-09 23:03:26.396636:3178MB
2018-03-09 23:03:26.401482:3178MB
2018-03-09 23:03:26.406474:3178MB
2018-03-09 23:03:26.413099:3178MB
2018-03-09 23:03:26.418318:3178MB
2018-03-09 23:03:26.422837:3178MB
2018-03-09 23:03:26.428997:3178MB
2018-03-09 23:03:26.433570:3178MB
2018-03-09 23:03:26.438106:3178MB
2018-03-09 23:03:26.443328:3178MB
2018-03-09 23:03:26.449086:3177MB
2018-03-09 23:03:26.453313:3177MB
2018-03-09 23:03:26.457792:3177MB
2018-03-09 23:03:26.463137:3177MB
2018-03-09 23:03:26.468174:3177MB
2018-03-09 23:03:26.472890:3178MB
2018-03-09 23:03:26.477524:3178MB
2018-03-09 23:03:26.481836:3178MB
2018-03-09 23:03:26.486047:3178MB
2018-03-09 23:03:26.493408:3178MB
2018-03-09 23:03:26.500112:3177MB
2018-03-09 23:03:26.505767:3177MB
2018-03-09 23:03:26.510093:3177MB
2018-03-09 23:03:26.514259:3177MB
2018-03-09 23:03:26.519137:3176MB
2018-03-09 23:03:26.523767:3176MB
2018-03-09 23:03:26.528945:3176MB
2018-03-09 23:03:26.533791:3176MB
2018-03-09 23:03:26.538080:3176MB
2018-03-09 23:03:26.542494:3176MB
2018-03-09 23:03:26.546827:3176MB
2018-03-09 23:03:26.551029:3176MB
2018-03-09 23:03:26.555194:3176MB
2018-03-09 23:03:26.559800:3176MB
2018-03-09 23:03:26.564725:3176MB
2018-03-09 23:03:26.570171:3176MB
2018-03-09 23:03:26.575600:3176MB
2018-03-09 23:03:26.581075:3176MB
2018-03-09 23:03:26.587129:3176MB
2018-03-09 23:03:26.592219:3176MB
2018-03-09 23:03:26.597091:3176MB
2018-03-09 23:03:26.602177:3176MB
2018-03-09 23:03:26.606427:3176MB
2018-03-09 23:03:26.610865:3176MB
2018-03-09 23:03:26.614643:3176MB
2018-03-09 23:03:26.618909:3176MB
2018-03-09 23:03:26.623186:3176MB
2018-03-09 23:03:26.627764:3176MB
2018-03-09 23:03:26.632637:3176MB
2018-03-09 23:03:26.637323:3176MB
2018-03-09 23:03:26.641834:3176MB
2018-03-09 23:03:26.646534:3176MB
2018-03-09 23:03:26.652268:3176MB
2018-03-09 23:03:26.657609:3176MB
2018-03-09 23:03:26.662710:3176MB
2018-03-09 23:03:26.669351:3176MB
2018-03-09 23:03:26.673785:3176MB
2018-03-09 23:03:26.678335:3176MB
2018-03-09 23:03:26.682754:3176MB
2018-03-09 23:03:26.687574:3176MB
2018-03-09 23:03:26.693936:3176MB
2018-03-09 23:03:26.700640:3176MB
2018-03-09 23:03:26.705384:3176MB
2018-03-09 23:03:26.710291:3176MB
2018-03-09 23:03:26.714847:3176MB
2018-03-09 23:03:26.719135:3176MB
2018-03-09 23:03:26.723870:3176MB
2018-03-09 23:03:26.728375:3176MB
2018-03-09 23:03:26.733737:3176MB
2018-03-09 23:03:26.739021:3176MB
2018-03-09 23:03:26.743996:3176MB
2018-03-09 23:03:26.748432:3176MB
2018-03-09 23:03:26.753172:3176MB
2018-03-09 23:03:26.757909:3176MB
2018-03-09 23:03:26.762824:3176MB
2018-03-09 23:03:26.768421:3176MB
2018-03-09 23:03:26.774023:3176MB
2018-03-09 23:03:26.779258:3176MB
2018-03-09 23:03:26.783323:3176MB
2018-03-09 23:03:26.787274:3176MB
2018-03-09 23:03:26.791700:3176MB
2018-03-09 23:03:26.795936:3176MB
2018-03-09 23:03:26.800158:3176MB
2018-03-09 23:03:26.805548:3176MB
2018-03-09 23:03:26.810718:3176MB
2018-03-09 23:03:26.815165:3176MB
2018-03-09 23:03:26.819597:3176MB
2018-03-09 23:03:26.823834:3176MB
2018-03-09 23:03:26.828127:3176MB
2018-03-09 23:03:26.832232:3176MB
2018-03-09 23:03:26.837852:3176MB
2018-03-09 23:03:26.842615:3176MB
2018-03-09 23:03:26.847234:3176MB
2018-03-09 23:03:26.852392:3176MB
2018-03-09 23:03:26.858475:3176MB
2018-03-09 23:03:26.864069:3176MB
2018-03-09 23:03:26.869162:3176MB
2018-03-09 23:03:26.874170:3176MB
2018-03-09 23:03:26.879321:3176MB
2018-03-09 23:03:26.884916:3176MB
2018-03-09 23:03:26.890194:3176MB
2018-03-09 23:03:26.897147:3176MB
2018-03-09 23:03:26.901420:3176MB
2018-03-09 23:03:26.905946:3176MB
2018-03-09 23:03:26.911155:3176MB
2018-03-09 23:03:26.915604:3176MB
2018-03-09 23:03:26.919889:3176MB
2018-03-09 23:03:26.924512:3176MB
2018-03-09 23:03:26.930266:3176MB
2018-03-09 23:03:26.934579:3176MB
2018-03-09 23:03:26.940464:3176MB
2018-03-09 23:03:26.944923:3176MB
2018-03-09 23:03:26.949247:3176MB
2018-03-09 23:03:26.953518:3176MB
2018-03-09 23:03:26.957910:3177MB
2018-03-09 23:03:26.961994:3177MB
2018-03-09 23:03:26.966105:3177MB
2018-03-09 23:03:26.970462:3177MB
2018-03-09 23:03:26.975294:3177MB
2018-03-09 23:03:26.979781:3177MB
2018-03-09 23:03:26.983976:3177MB
2018-03-09 23:03:26.988819:3177MB
2018-03-09 23:03:26.993810:3177MB
2018-03-09 23:03:26.998409:3177MB
2018-03-09 23:03:27.002865:3177MB
2018-03-09 23:03:27.008852:3177MB
2018-03-09 23:03:27.013415:3177MB
2018-03-09 23:03:27.017576:3177MB
2018-03-09 23:03:27.021860:3177MB
2018-03-09 23:03:27.026177:3177MB
2018-03-09 23:03:27.030204:3177MB
2018-03-09 23:03:27.034102:3177MB
2018-03-09 23:03:27.038810:3177MB
2018-03-09 23:03:27.044008:3177MB
2018-03-09 23:03:27.048257:3177MB
2018-03-09 23:03:27.053114:3177MB
2018-03-09 23:03:27.058148:3177MB
2018-03-09 23:03:27.063658:3177MB
2018-03-09 23:03:27.067841:3177MB
2018-03-09 23:03:27.071992:3177MB
2018-03-09 23:03:27.077009:3177MB
2018-03-09 23:03:27.081524:3177MB
2018-03-09 23:03:27.086038:3177MB
2018-03-09 23:03:27.091122:3177MB
2018-03-09 23:03:27.096376:3177MB
2018-03-09 23:03:27.100854:3177MB
2018-03-09 23:03:27.105273:3177MB
2018-03-09 23:03:27.110214:3177MB
2018-03-09 23:03:27.115346:3177MB
2018-03-09 23:03:27.119757:3177MB
2018-03-09 23:03:27.123802:3177MB
2018-03-09 23:03:27.127719:3177MB
2018-03-09 23:03:27.131860:3177MB
2018-03-09 23:03:27.136661:3177MB
2018-03-09 23:03:27.141898:3177MB
2018-03-09 23:03:27.147549:3177MB
2018-03-09 23:03:27.152214:3177MB
2018-03-09 23:03:27.157433:3177MB
2018-03-09 23:03:27.162189:3177MB
2018-03-09 23:03:27.166545:3177MB
2018-03-09 23:03:27.170595:3177MB
2018-03-09 23:03:27.174835:3177MB
2018-03-09 23:03:27.180014:3177MB
2018-03-09 23:03:27.184292:3177MB
2018-03-09 23:03:27.188870:3177MB
2018-03-09 23:03:27.193044:3177MB
2018-03-09 23:03:27.197489:3177MB
2018-03-09 23:03:27.201745:3177MB
2018-03-09 23:03:27.206056:3177MB
2018-03-09 23:03:27.212256:3177MB
2018-03-09 23:03:27.216853:3177MB
2018-03-09 23:03:27.220874:3177MB
2018-03-09 23:03:27.225247:3177MB
2018-03-09 23:03:27.229656:3177MB
2018-03-09 23:03:27.234324:3177MB
2018-03-09 23:03:27.239020:3177MB
2018-03-09 23:03:27.244917:3177MB
2018-03-09 23:03:27.249919:3177MB
2018-03-09 23:03:27.257821:3177MB
2018-03-09 23:03:27.264785:3177MB
2018-03-09 23:03:27.270445:3177MB
2018-03-09 23:03:27.274502:3177MB
2018-03-09 23:03:27.279068:3176MB
2018-03-09 23:03:27.283594:3176MB
2018-03-09 23:03:27.287843:3176MB
2018-03-09 23:03:27.294908:3176MB
2018-03-09 23:03:27.300640:3176MB
2018-03-09 23:03:27.304725:3176MB
2018-03-09 23:03:27.308691:3176MB
2018-03-09 23:03:27.313486:3176MB
2018-03-09 23:03:27.318089:3176MB
2018-03-09 23:03:27.322182:3176MB
2018-03-09 23:03:27.326359:3176MB
2018-03-09 23:03:27.330673:3176MB
2018-03-09 23:03:27.334855:3176MB
2018-03-09 23:03:27.339235:3176MB
2018-03-09 23:03:27.344151:3176MB
2018-03-09 23:03:27.349223:3176MB
2018-03-09 23:03:27.354127:3176MB
2018-03-09 23:03:27.358420:3176MB
2018-03-09 23:03:27.362502:3176MB
2018-03-09 23:03:27.366669:3176MB
2018-03-09 23:03:27.370707:3176MB
2018-03-09 23:03:27.374630:3176MB
2018-03-09 23:03:27.378595:3176MB
2018-03-09 23:03:27.383890:3176MB
2018-03-09 23:03:27.388630:3176MB
2018-03-09 23:03:27.392833:3176MB
2018-03-09 23:03:27.396855:3176MB
2018-03-09 23:03:27.401181:3176MB
2018-03-09 23:03:27.405838:3176MB
2018-03-09 23:03:27.410198:3176MB
2018-03-09 23:03:27.414939:3176MB
2018-03-09 23:03:27.419849:3176MB
2018-03-09 23:03:27.424026:3176MB
2018-03-09 23:03:27.428205:3176MB
2018-03-09 23:03:27.432633:3176MB
2018-03-09 23:03:27.437305:3176MB
2018-03-09 23:03:27.441871:3176MB
2018-03-09 23:03:27.446268:3176MB
2018-03-09 23:03:27.451667:3176MB
2018-03-09 23:03:27.455921:3176MB
2018-03-09 23:03:27.460094:3176MB
2018-03-09 23:03:27.464975:3176MB
2018-03-09 23:03:27.470144:3176MB
2018-03-09 23:03:27.474838:3176MB
2018-03-09 23:03:27.479496:3176MB
2018-03-09 23:03:27.485045:3176MB
2018-03-09 23:03:27.493178:3176MB
2018-03-09 23:03:27.499371:3176MB
2018-03-09 23:03:27.504185:3176MB
2018-03-09 23:03:27.508281:3176MB
2018-03-09 23:03:27.512226:3176MB
2018-03-09 23:03:27.517446:3176MB
2018-03-09 23:03:27.522110:3176MB
2018-03-09 23:03:27.526284:3176MB
2018-03-09 23:03:27.530707:3176MB
2018-03-09 23:03:27.535343:3176MB
2018-03-09 23:03:27.540210:3176MB
2018-03-09 23:03:27.544493:3176MB
2018-03-09 23:03:27.548822:3176MB
2018-03-09 23:03:27.554202:3176MB
2018-03-09 23:03:27.558820:3176MB
2018-03-09 23:03:27.563592:3176MB
2018-03-09 23:03:27.567937:3176MB
2018-03-09 23:03:27.572396:3176MB
2018-03-09 23:03:27.576806:3176MB
2018-03-09 23:03:27.581124:3176MB
2018-03-09 23:03:27.586867:3176MB
2018-03-09 23:03:27.592149:3176MB
2018-03-09 23:03:27.597104:3176MB
2018-03-09 23:03:27.601655:3176MB
2018-03-09 23:03:27.606407:3176MB
2018-03-09 23:03:27.610956:3176MB
2018-03-09 23:03:27.615287:3176MB
2018-03-09 23:03:27.619964:3176MB
2018-03-09 23:03:27.624691:3176MB
2018-03-09 23:03:27.629075:3176MB
2018-03-09 23:03:27.633446:3176MB
2018-03-09 23:03:27.637766:3176MB
2018-03-09 23:03:27.643276:3176MB
2018-03-09 23:03:27.647626:3176MB
2018-03-09 23:03:27.652446:3176MB
2018-03-09 23:03:27.658047:3176MB
2018-03-09 23:03:27.662640:3176MB
2018-03-09 23:03:27.667077:3176MB
2018-03-09 23:03:27.671399:3176MB
2018-03-09 23:03:27.675860:3176MB
2018-03-09 23:03:27.680122:3176MB
2018-03-09 23:03:27.684391:3176MB
2018-03-09 23:03:27.689260:3176MB
2018-03-09 23:03:27.695538:3176MB
2018-03-09 23:03:27.700168:3176MB
2018-03-09 23:03:27.704159:3176MB
2018-03-09 23:03:27.708400:3176MB
2018-03-09 23:03:27.712911:3176MB
2018-03-09 23:03:27.717516:3176MB
2018-03-09 23:03:27.722206:3176MB
2018-03-09 23:03:27.727057:3176MB
2018-03-09 23:03:27.731224:3176MB
2018-03-09 23:03:27.736192:3176MB
2018-03-09 23:03:27.741037:3176MB
2018-03-09 23:03:27.745821:3176MB
2018-03-09 23:03:27.750397:3176MB
2018-03-09 23:03:27.754946:3176MB
2018-03-09 23:03:27.760170:3176MB
2018-03-09 23:03:27.764661:3176MB
2018-03-09 23:03:27.769359:3176MB
2018-03-09 23:03:27.774341:3176MB
2018-03-09 23:03:27.779785:3176MB
2018-03-09 23:03:27.784710:3176MB
2018-03-09 23:03:27.789574:3176MB
2018-03-09 23:03:27.795174:3176MB
2018-03-09 23:03:27.799259:3176MB
2018-03-09 23:03:27.803273:3176MB
2018-03-09 23:03:27.807503:3176MB
2018-03-09 23:03:27.812132:3176MB
2018-03-09 23:03:27.816409:3176MB
2018-03-09 23:03:27.820828:3177MB
2018-03-09 23:03:27.825949:3177MB
2018-03-09 23:03:27.830526:3177MB
2018-03-09 23:03:27.835645:3177MB
2018-03-09 23:03:27.840829:3177MB
2018-03-09 23:03:27.845279:3177MB
2018-03-09 23:03:27.849498:3177MB
2018-03-09 23:03:27.853676:3177MB
2018-03-09 23:03:27.858536:3177MB
2018-03-09 23:03:27.863638:3177MB
2018-03-09 23:03:27.868361:3177MB
2018-03-09 23:03:27.873708:3177MB
2018-03-09 23:03:27.878027:3177MB
2018-03-09 23:03:27.882469:3177MB
2018-03-09 23:03:27.886877:3177MB
2018-03-09 23:03:27.893019:3177MB
2018-03-09 23:03:27.899320:3177MB
2018-03-09 23:03:27.903838:3177MB
2018-03-09 23:03:27.908061:3177MB
2018-03-09 23:03:27.912267:3177MB
2018-03-09 23:03:27.916809:3177MB
2018-03-09 23:03:27.920976:3177MB
2018-03-09 23:03:27.925399:3177MB
2018-03-09 23:03:27.929827:3177MB
2018-03-09 23:03:27.935978:3177MB
2018-03-09 23:03:27.940340:3177MB
2018-03-09 23:03:27.944741:3177MB
2018-03-09 23:03:27.949073:3177MB
2018-03-09 23:03:27.953269:3177MB
2018-03-09 23:03:27.957609:3177MB
2018-03-09 23:03:27.962120:3177MB
2018-03-09 23:03:27.966980:3177MB
2018-03-09 23:03:27.971636:3177MB
2018-03-09 23:03:27.975920:3177MB
2018-03-09 23:03:27.980136:3177MB
2018-03-09 23:03:27.984285:3177MB
2018-03-09 23:03:27.989438:3177MB
2018-03-09 23:03:27.995023:3177MB
2018-03-09 23:03:28.000497:3177MB
2018-03-09 23:03:28.005788:3177MB
2018-03-09 23:03:28.010571:3177MB
2018-03-09 23:03:28.015154:3177MB
2018-03-09 23:03:28.019853:3177MB
2018-03-09 23:03:28.024325:3177MB
2018-03-09 23:03:28.028691:3177MB
2018-03-09 23:03:28.033907:3177MB
2018-03-09 23:03:28.038812:3177MB
2018-03-09 23:03:28.043702:3177MB
2018-03-09 23:03:28.048237:3177MB
2018-03-09 23:03:28.052843:3177MB
2018-03-09 23:03:28.057224:3177MB
2018-03-09 23:03:28.061523:3177MB
2018-03-09 23:03:28.066133:3177MB
2018-03-09 23:03:28.072226:3177MB
2018-03-09 23:03:28.076647:3177MB
2018-03-09 23:03:28.081160:3177MB
2018-03-09 23:03:28.087066:3177MB
2018-03-09 23:03:28.092949:3177MB
2018-03-09 23:03:28.099829:3177MB
2018-03-09 23:03:28.105232:3177MB
2018-03-09 23:03:28.109388:3177MB
2018-03-09 23:03:28.113410:3177MB
2018-03-09 23:03:28.117590:3177MB
2018-03-09 23:03:28.121651:3177MB
2018-03-09 23:03:28.125887:3177MB
2018-03-09 23:03:28.130279:3177MB
2018-03-09 23:03:28.135105:3177MB
2018-03-09 23:03:28.140177:3177MB
2018-03-09 23:03:28.144412:3177MB
2018-03-09 23:03:28.148510:3177MB
2018-03-09 23:03:28.152825:3177MB
2018-03-09 23:03:28.157302:3177MB
2018-03-09 23:03:28.161555:3177MB
2018-03-09 23:03:28.165699:3177MB
2018-03-09 23:03:28.171469:3177MB
2018-03-09 23:03:28.175916:3177MB
